Performing C++ SOURCE FILE Test CMAKE_HAVE_LIBC_PTHREAD failed with the following output:
Change Dir: D:/Qt/LogAnalizer/build/CMakeFiles/CMakeTmp

Run Build Command(s):H:/VisualStudio/2019/VSIDE/Common7/IDE/CommonExtensions/Microsoft/CMake/Ninja/ninja.exe cmTC_b24f6 && [1/2] Building CXX object CMakeFiles\cmTC_b24f6.dir\src.cxx.obj
FAILED: CMakeFiles/cmTC_b24f6.dir/src.cxx.obj 
H:\VisualStudio\2019\VSIDE\VC\Tools\MSVC\14.29.30133\bin\HostX64\x64\cl.exe  /nologo /TP -DCMAKE_HAVE_LIBC_PTHREAD  /DWIN32 /D_WINDOWS /GR /EHsc  /Zi /Ob0 /Od /RTC1 -MDd /showIncludes /FoCMakeFiles\cmTC_b24f6.dir\src.cxx.obj /FdCMakeFiles\cmTC_b24f6.dir\ /FS -c D:\Qt\LogAnalizer\build\CMakeFiles\CMakeTmp\src.cxx
D:\Qt\LogAnalizer\build\CMakeFiles\CMakeTmp\src.cxx(1): fatal error C1083: Cannot open include file: 'pthread.h': No such file or directory
ninja: build stopped: subcommand failed.


Source file was:
#include <pthread.h>

static void* test_func(void* data)
{
  return data;
}

int main(void)
{
  pthread_t thread;
  pthread_create(&thread, NULL, test_func, NULL);
  pthread_detach(thread);
  pthread_cancel(thread);
  pthread_join(thread, NULL);
  pthread_atfork(NULL, NULL, NULL);
  pthread_exit(NULL);

  return 0;
}

Determining if the function pthread_create exists in the pthreads failed with the following output:
Change Dir: D:/Qt/LogAnalizer/build/CMakeFiles/CMakeTmp

Run Build Command(s):H:/VisualStudio/2019/VSIDE/Common7/IDE/CommonExtensions/Microsoft/CMake/Ninja/ninja.exe cmTC_f51dd && [1/2] Building CXX object CMakeFiles\cmTC_f51dd.dir\CheckFunctionExists.cxx.obj
[2/2] Linking CXX executable cmTC_f51dd.exe
FAILED: cmTC_f51dd.exe 
cmd.exe /C "cd . && H:\Qt\Tools\CMake_64\bin\cmake.exe -E vs_link_exe --intdir=CMakeFiles\cmTC_f51dd.dir --rc=C:\PROGRA~2\WI3CF2~1\10\bin\100226~1.0\x64\rc.exe --mt=C:\PROGRA~2\WI3CF2~1\10\bin\100226~1.0\x64\mt.exe --manifests  -- H:\VisualStudio\2019\VSIDE\VC\Tools\MSVC\14.29.30133\bin\Hostx64\x64\link.exe /nologo CMakeFiles\cmTC_f51dd.dir\CheckFunctionExists.cxx.obj  /out:cmTC_f51dd.exe /implib:cmTC_f51dd.lib /pdb:cmTC_f51dd.pdb /version:0.0 /machine:x64  /debug /INCREMENTAL /subsystem:console  pthreads.lib  kernel32.lib user32.lib gdi32.lib winspool.lib shell32.lib ole32.lib oleaut32.lib uuid.lib comdlg32.lib advapi32.lib && cd ."
LINK Pass 1: command "H:\VisualStudio\2019\VSIDE\VC\Tools\MSVC\14.29.30133\bin\Hostx64\x64\link.exe /nologo CMakeFiles\cmTC_f51dd.dir\CheckFunctionExists.cxx.obj /out:cmTC_f51dd.exe /implib:cmTC_f51dd.lib /pdb:cmTC_f51dd.pdb /version:0.0 /machine:x64 /debug /INCREMENTAL /subsystem:console pthreads.lib kernel32.lib user32.lib gdi32.lib winspool.lib shell32.lib ole32.lib oleaut32.lib uuid.lib comdlg32.lib advapi32.lib /MANIFEST /MANIFESTFILE:CMakeFiles\cmTC_f51dd.dir/intermediate.manifest CMakeFiles\cmTC_f51dd.dir/manifest.res" failed (exit code 1104) with the following output:
LINK : fatal error LNK1104: cannot open file 'pthreads.lib'
ninja: build stopped: subcommand failed.



Determining if the function pthread_create exists in the pthread failed with the following output:
Change Dir: D:/Qt/LogAnalizer/build/CMakeFiles/CMakeTmp

Run Build Command(s):H:/VisualStudio/2019/VSIDE/Common7/IDE/CommonExtensions/Microsoft/CMake/Ninja/ninja.exe cmTC_eb79e && [1/2] Building CXX object CMakeFiles\cmTC_eb79e.dir\CheckFunctionExists.cxx.obj
[2/2] Linking CXX executable cmTC_eb79e.exe
FAILED: cmTC_eb79e.exe 
cmd.exe /C "cd . && H:\Qt\Tools\CMake_64\bin\cmake.exe -E vs_link_exe --intdir=CMakeFiles\cmTC_eb79e.dir --rc=C:\PROGRA~2\WI3CF2~1\10\bin\100226~1.0\x64\rc.exe --mt=C:\PROGRA~2\WI3CF2~1\10\bin\100226~1.0\x64\mt.exe --manifests  -- H:\VisualStudio\2019\VSIDE\VC\Tools\MSVC\14.29.30133\bin\Hostx64\x64\link.exe /nologo CMakeFiles\cmTC_eb79e.dir\CheckFunctionExists.cxx.obj  /out:cmTC_eb79e.exe /implib:cmTC_eb79e.lib /pdb:cmTC_eb79e.pdb /version:0.0 /machine:x64  /debug /INCREMENTAL /subsystem:console  pthread.lib  kernel32.lib user32.lib gdi32.lib winspool.lib shell32.lib ole32.lib oleaut32.lib uuid.lib comdlg32.lib advapi32.lib && cd ."
LINK Pass 1: command "H:\VisualStudio\2019\VSIDE\VC\Tools\MSVC\14.29.30133\bin\Hostx64\x64\link.exe /nologo CMakeFiles\cmTC_eb79e.dir\CheckFunctionExists.cxx.obj /out:cmTC_eb79e.exe /implib:cmTC_eb79e.lib /pdb:cmTC_eb79e.pdb /version:0.0 /machine:x64 /debug /INCREMENTAL /subsystem:console pthread.lib kernel32.lib user32.lib gdi32.lib winspool.lib shell32.lib ole32.lib oleaut32.lib uuid.lib comdlg32.lib advapi32.lib /MANIFEST /MANIFESTFILE:CMakeFiles\cmTC_eb79e.dir/intermediate.manifest CMakeFiles\cmTC_eb79e.dir/manifest.res" failed (exit code 1104) with the following output:
LINK : fatal error LNK1104: cannot open file 'pthread.lib'
ninja: build stopped: subcommand failed.



